<?xml version="1.0" encoding="UTF-8"?>
<!-- Generated by org.testng.reporters.JUnitReportReporter -->
<testsuite hostname="PMLDVBALAJID" failures="0" tests="1" name="onlyforothertest.TestUsecase" time="1.681" errors="0" timestamp="2024-04-04T16:05:16 IST" skipped="0">
  <testcase classname="onlyforothertest.TestUsecase" name="testStripe" time="1.681"/>
  <system-out/>
</testsuite> <!-- onlyforothertest.TestUsecase -->
