<?xml version="1.0" encoding="UTF-8"?>
<!-- Generated by org.testng.reporters.JUnitReportReporter -->
<testsuite hostname="PMLDVBALAJID" failures="0" tests="4" name="api.test.UserTests" time="6.983" errors="0" timestamp="2024-04-29T18:22:09 IST" skipped="0">
  <testcase classname="api.test.UserTests" name="test_post_User" time="2.947"/>
  <system-out/>
  <testcase classname="api.test.UserTests" name="getUserByName" time="1.352"/>
  <system-out/>
  <testcase classname="api.test.UserTests" name="testUpdateUserByName" time="1.315"/>
  <system-out/>
  <testcase classname="api.test.UserTests" name="testDeleteUserByUserName" time="1.369"/>
  <system-out/>
</testsuite> <!-- api.test.UserTests -->
