<?xml version="1.0" encoding="UTF-8"?>
<!-- Generated by org.testng.reporters.JUnitReportReporter -->
<testsuite hostname="PMLDVBALAJID" failures="0" tests="8" name="onlyforothertest.DataDrivenTest" time="12.825" errors="0" timestamp="2024-04-06T16:06:49 IST" skipped="0">
  <testcase classname="onlyforothertest.DataDrivenTest" name="test_post_User" time="1.378"/>
  <system-out/>
  <testcase classname="onlyforothertest.DataDrivenTest" name="test_post_User" time="2.663"/>
  <system-out/>
  <testcase classname="onlyforothertest.DataDrivenTest" name="test_post_User" time="1.462"/>
  <system-out/>
  <testcase classname="onlyforothertest.DataDrivenTest" name="test_post_User" time="1.376"/>
  <system-out/>
  <testcase classname="onlyforothertest.DataDrivenTest" name="getUserByName" time="1.357"/>
  <system-out/>
  <testcase classname="onlyforothertest.DataDrivenTest" name="getUserByName" time="1.746"/>
  <system-out/>
  <testcase classname="onlyforothertest.DataDrivenTest" name="getUserByName" time="1.399"/>
  <system-out/>
  <testcase classname="onlyforothertest.DataDrivenTest" name="getUserByName" time="1.444"/>
  <system-out/>
</testsuite> <!-- onlyforothertest.DataDrivenTest -->
