<?xml version="1.0" encoding="UTF-8"?>
<!-- Generated by org.testng.reporters.JUnitReportReporter -->
<testsuite hostname="PMLDVBALAJID" failures="0" tests="9" name="api.test.DataDrivenTest" time="13.149" errors="0" timestamp="2024-04-02T12:05:25 IST" skipped="0">
  <testcase classname="api.test.DataDrivenTest" name="test_post_User" time="1.222"/>
  <system-out/>
  <testcase classname="api.test.DataDrivenTest" name="test_post_User" time="2.578"/>
  <system-out/>
  <testcase classname="api.test.DataDrivenTest" name="test_post_User" time="1.223"/>
  <system-out/>
  <testcase classname="api.test.DataDrivenTest" name="getUserByName" time="2.110"/>
  <system-out/>
  <testcase classname="api.test.DataDrivenTest" name="getUserByName" time="1.236"/>
  <system-out/>
  <testcase classname="api.test.DataDrivenTest" name="getUserByName" time="1.216"/>
  <system-out/>
  <testcase classname="api.test.DataDrivenTest" name="test_Delete_by_UserName" time="1.206"/>
  <system-out/>
  <testcase classname="api.test.DataDrivenTest" name="test_Delete_by_UserName" time="1.148"/>
  <system-out/>
  <testcase classname="api.test.DataDrivenTest" name="test_Delete_by_UserName" time="1.210"/>
  <system-out/>
</testsuite> <!-- api.test.DataDrivenTest -->
