<?xml version="1.0" encoding="UTF-8"?>
<!-- Generated by org.testng.reporters.JUnitReportReporter -->
<testsuite hostname="PMLDVBALAJID" failures="0" tests="4" name="api.test.UserTests2" time="7.005" errors="0" timestamp="2024-04-09T17:40:58 IST" skipped="0">
  <testcase classname="api.test.UserTests2" name="test_post_User" time="2.420"/>
  <system-out/>
  <testcase classname="api.test.UserTests2" name="getUserByName" time="1.195"/>
  <system-out/>
  <testcase classname="api.test.UserTests2" name="testUpdateUserByName" time="2.182"/>
  <system-out/>
  <testcase classname="api.test.UserTests2" name="testDeleteUserByUserName" time="1.208"/>
  <system-out/>
</testsuite> <!-- api.test.UserTests2 -->
