<?xml version="1.0" encoding="UTF-8"?>
<!-- Generated by org.testng.reporters.JUnitReportReporter -->
<testsuite hostname="PMLDVBALAJID" failures="0" tests="4" name="api.test.UserTests2" time="5.693" errors="0" timestamp="2024-04-02T20:37:29 IST" skipped="0">
  <testcase classname="api.test.UserTests2" name="test_post_User" time="2.421"/>
  <system-out/>
  <testcase classname="api.test.UserTests2" name="getUserByName" time="1.044"/>
  <system-out/>
  <testcase classname="api.test.UserTests2" name="testUpdateUserByName" time="1.040"/>
  <system-out/>
  <testcase classname="api.test.UserTests2" name="testDeleteUserByUserName" time="1.188"/>
  <system-out/>
</testsuite> <!-- api.test.UserTests2 -->
