<?xml version="1.0" encoding="UTF-8"?>
<!-- Generated by org.testng.reporters.JUnitReportReporter -->
<testsuite hostname="DESKTOP-JUC4I42" failures="0" tests="4" name="api.test.UserTests2" time="5.685" errors="0" timestamp="2024-05-27T16:49:33 PDT" skipped="0">
  <testcase classname="api.test.UserTests2" name="test_post_User" time="2.420"/>
  <system-out/>
  <testcase classname="api.test.UserTests2" name="getUserByName" time="1.121"/>
  <system-out/>
  <testcase classname="api.test.UserTests2" name="testUpdateUserByName" time="1.075"/>
  <system-out/>
  <testcase classname="api.test.UserTests2" name="testDeleteUserByUserName" time="1.069"/>
  <system-out/>
</testsuite> <!-- api.test.UserTests2 -->
